Arguments: 
  C:\Program Files\nodejs\node.exe C:\Users\TOSHIBA\AppData\Roaming\npm\node_modules\yarn\bin\yarn.js list --json

PATH: 
  C:\Program Files\Common Files\Oracle\Java\javapath;C:\Windows\system32;C:\Windows;C:\Windows\System32\Wbem;C:\Windows\System32\WindowsPowerShell\v1.0\;C:\Windows\System32\OpenSSH\;C:\Program Files\nodejs\;C:\Program Files\Git\cmd;C:\Users\TOSHIBA\.console-ninja\.bin;C:\Users\TOSHIBA\AppData\Local\Microsoft\WindowsApps;C:\Users\TOSHIBA\AppData\Local\Programs\Microsoft VS Code\bin;C:\Users\TOSHIBA\AppData\Roaming\npm;C:\Users\TOSHIBA\AppData\Local\Android\Sdk\tools\bin;C:\Users\TOSHIBA\AppData\Local\Android\Sdk\platform-tools;C:\Users\TOSHIBA\AppData\Local\Android\Sdk\emulator;C:\Users\TOSHIBA\AppData\Local\Android\Sdk;C:\Users\TOSHIBA\AppData\Local\Android\Sdk\tools;

Yarn version: 
  1.22.19

Node version: 
  18.16.0

Platform: 
  win32 x64

Trace: 
  Error: getaddrinfo ENOTFOUND registry.yarnpkg.com
      at GetAddrInfoReqWrap.onlookup [as oncomplete] (node:dns:107:26)

npm manifest: 
  {
  	"name": "stackclique",
  	"version": "1.0.0",
  	"description": "",
  	"main": "server.js",
  	"keywords": [],
  	"author": "",
  	"license": "ISC",
  	"git repository": "https://github.com/idevelop4life/Stackclique-",
  	"scripts": {
  		"start": "tsc && node dist/src/server",
  		"dev": "nodemon",
  		"sync-db": "npx prisma migrate dev",
  		"view-db": "npx prisma studio"
  	},
  	"dependencies": {
  		"@prisma/client": "^5.0.0",
  		"@types/bcrypt": "^5.0.0",
  		"@types/jsonwebtoken": "^9.0.2",
  		"@types/nodemailer": "^6.4.8",
  		"@types/swagger-ui-dist": "^3.30.1",
  		"@types/swagger-ui-express": "^4.1.3",
  		"bcrypt": "^5.1.0",
  		"cors": "^2.8.5",
  		"express": "^4.17.1",
  		"jsonwebtoken": "^9.0.1",
  		"nodemailer": "^6.9.4",
  		"swagger-ui-express": "^5.0.0",
  		"zod": "^3.21.4"
  	},
  	"devDependencies": {
  		"@faker-js/faker": "^8.0.2",
  		"@types/cors": "^2.8.11",
  		"@types/express": "^4.17.13",
  		"@types/node": "^16.3.0",
  		"faker": "^6.6.6",
  		"prisma": "^5.0.0",
  		"ts-node-dev": "^1.1.8",
  		"typescript": "^4.3.5"
  	}
  }

yarn manifest: 
  No manifest

Lockfile: 
  
